Change Component Designator: OldDesignator=SW? NewDesignator=SW9
Change Component Designator: OldDesignator=SW? NewDesignator=SW10
Added Component: Designator=SW11(FP-B3F-4000-MFG)
Add component (AddParameter): Name = "Ambient Temperature Range High"; Value = "+70°C"; VariantName = "[No Variations]"
Add component (AddParameter): Name = "Ambient Temperature Range Low"; Value = "-25°C"; VariantName = "[No Variations]"
Add component (AddParameter): Name = "Automotive"; Value = "No"; VariantName = "[No Variations]"
Add component (AddParameter): Name = "Category"; Value = "Switch"; VariantName = "[No Variations]"
Add component (AddParameter): Name = "ComponentLink2Description"; Value = "Datasheet"; VariantName = "[No Variations]"
Add component (AddParameter): Name = "ComponentLink2URL"; Value = "https://omronfs.omron.com/en_US/ecb/products/pdf/en-b3f.pdf"; VariantName = "[No Variations]"
Add component (AddParameter): Name = "Contact Current Rating"; Value = "50mA"; VariantName = "[No Variations]"
Add component (AddParameter): Name = "Contact Resistance"; Value = "100mO"; VariantName = "[No Variations]"
Add component (AddParameter): Name = "Device Class L1"; Value = "Electromechanical"; VariantName = "[No Variations]"
Add component (AddParameter): Name = "Device Class L2"; Value = "Switches"; VariantName = "[No Variations]"
Add component (AddParameter): Name = "Device Class L3"; Value = "Tactile Switches"; VariantName = "[No Variations]"
Add component (AddParameter): Name = "Digikey Description"; Value = "SWITCH TACTILE SPST-NO 0.05A 24V"; VariantName = "[No Variations]"
Add component (AddParameter): Name = "Electromechanical Life"; Value = "3000000Cycles"; VariantName = "[No Variations]"
Add component (AddParameter): Name = "Height"; Value = "4.5mm"; VariantName = "[No Variations]"
Add component (AddParameter): Name = "Lead Free"; Value = "Yes"; VariantName = "[No Variations]"
Add component (AddParameter): Name = "Manufacturer"; Value = "Omron"; VariantName = "[No Variations]"
Add component (AddParameter): Name = "Manufacturer Part Number"; Value = "B3F-4000"; VariantName = "[No Variations]"
Add component (AddParameter): Name = "Mount"; Value = "Through Hole"; VariantName = "[No Variations]"
Add component (AddParameter): Name = "Mouser Description"; Value = "Tactile Switches 12x12mm Std Ht 4.3 Gen Purpose 130g"; VariantName = "[No Variations]"
Add component (AddParameter): Name = "Octopart"; Value = "https://octopart.com/b3f-4000-omron-22510"; VariantName = "[No Variations]"
Add component (AddParameter): Name = "Operating Force"; Value = "1.27N"; VariantName = "[No Variations]"
Add component (AddParameter): Name = "Package"; Value = "B3F-4000"; VariantName = "[No Variations]"
Add component (AddParameter): Name = "RoHS"; Value = "TRUE"; VariantName = "[No Variations]"
Add component (AddParameter): Name = "Temperature"; Value = "-25°C to +70°C"; VariantName = "[No Variations]"
Add component (AddParameter): Name = "Temperature Range High"; Value = "+70°C"; VariantName = "[No Variations]"
Add component (AddParameter): Name = "Temperature Range Low"; Value = "-25°C"; VariantName = "[No Variations]"
Add component (AddParameter): Name = "Throw Configuration"; Value = "SPST-NO"; VariantName = "[No Variations]"
Add component (AddParameter): Name = "Voltage Rating Dc"; Value = "24V"; VariantName = "[No Variations]"
Added Pin To Net: NetName=GND Pin=POWERBOOST 1000C-5
Added Pin To Net: NetName=GND Pin=POWERBOOST 1000C-7
Added Pin To Net: NetName=NetESP32_24 Pin=SW9-1
Added Pin To Net: NetName=NetESP32_24 Pin=SW9-2
Added Pin To Net: NetName=GND Pin=SW9-3
Added Pin To Net: NetName=GND Pin=SW9-4
Added Pin To Net: NetName=NetESP32_26 Pin=SW10-1
Added Pin To Net: NetName=NetESP32_26 Pin=SW10-2
Added Pin To Net: NetName=GND Pin=SW11-1
Added Pin To Net: NetName=GND Pin=SW11-2
Added Pin To Net: NetName=NetESP32_25 Pin=SW11-3
Added Pin To Net: NetName=NetESP32_25 Pin=SW11-4
Added Member To Class: ClassName=controller Member=Component SW9 B3F-1000
Added Member To Class: ClassName=controller Member=Component SW11 B3F-4000
