Add Component: Footprint Not Found FP-RKJXK122400Y-MFG
Add Component: Footprint Not Found FP-B3F-4000-MFG
Add Component: Footprint Not Found FP-B3F-4000-MFG
Add Component: Footprint Not Found FP-B3F-4000-MFG
Add Component: Footprint Not Found FP-B3F-4000-MFG
Add Pin To Net: Unknown Pin: Pin SW1-1
Add Pin To Net: Unknown Pin: Pin SW1-2
Add Pin To Net: Unknown Pin: Pin SW1-3
Add Pin To Net: Unknown Pin: Pin SW1-4
Add Pin To Net: Unknown Pin: Pin SW2-1
Add Pin To Net: Unknown Pin: Pin SW2-2
Add Pin To Net: Unknown Pin: Pin SW2-3
Add Pin To Net: Unknown Pin: Pin SW2-4
Add Pin To Net: Unknown Pin: Pin SW3-1
Add Pin To Net: Unknown Pin: Pin SW3-2
Add Pin To Net: Unknown Pin: Pin SW3-3
Add Pin To Net: Unknown Pin: Pin SW3-4
Add Pin To Net: Unknown Pin: Pin SW4-1
Add Pin To Net: Unknown Pin: Pin SW4-2
Add Pin To Net: Unknown Pin: Pin SW4-3
Add Pin To Net: Unknown Pin: Pin SW4-4
Add Class Member: Failed to add class member : Component R1 RKJXK122400Y
Add Class Member: Failed to add class member : Component SW1 B3F-4000
Add Class Member: Failed to add class member : Component SW2 B3F-4000
Add Class Member: Failed to add class member : Component SW3 B3F-4000
Add Class Member: Failed to add class member : Component SW4 B3F-4000
